<?xml version="1.0" encoding="UTF-8"?>
<!-- Generated by org.testng.reporters.JUnitReportReporter -->
<testsuite hostname="vishaljaiswal" name="learningselenium.TreeSetWithCustomSortOnString" tests="1" failures="0" timestamp="9 Apr 2019 18:40:16 GMT" time="0.045" errors="0">
  <testcase name="self" time="0.045" classname="learningselenium.TreeSetWithCustomSortOnString"/>
</testsuite> <!-- learningselenium.TreeSetWithCustomSortOnString -->
