<?xml version="1.0" encoding="UTF-8"?>
<!-- Generated by org.testng.reporters.JUnitReportReporter -->
<testsuite hostname="vishaljaiswal" name="learningselenium.TreeSetWithStringBuffer" tests="1" failures="0" timestamp="9 Apr 2019 18:52:44 GMT" time="0.058" errors="0">
  <testcase name="self" time="0.058" classname="learningselenium.TreeSetWithStringBuffer"/>
</testsuite> <!-- learningselenium.TreeSetWithStringBuffer -->
