<?xml version="1.0" encoding="UTF-8"?>
<!-- Generated by org.testng.reporters.JUnitReportReporter -->
<testsuite hostname="vishaljaiswal" name="learningselenium.TreeSetWithCustomSort" tests="1" failures="0" timestamp="9 Apr 2019 17:38:16 GMT" time="0.034" errors="0">
  <testcase name="self" time="0.034" classname="learningselenium.TreeSetWithCustomSort"/>
</testsuite> <!-- learningselenium.TreeSetWithCustomSort -->
