<?xml version="1.0" encoding="UTF-8"?>
<!-- Generated by org.testng.reporters.JUnitReportReporter -->
<testsuite hostname="vishaljaiswal" name="learningselenium.WindowHandling" tests="1" failures="0" timestamp="23 Apr 2019 20:53:22 GMT" time="17.851" errors="0">
  <testcase name="Window" time="17.851" classname="learningselenium.WindowHandling"/>
</testsuite> <!-- learningselenium.WindowHandling -->
