<?xml version="1.0" encoding="UTF-8"?>
<!-- Generated by org.testng.reporters.JUnitReportReporter -->
<testsuite hostname="vishaljaiswal" name="learningselenium.TreeSetExample2" tests="1" failures="0" timestamp="13 Apr 2019 03:21:22 GMT" time="0.007" errors="0">
  <testcase name="self" time="0.007" classname="learningselenium.TreeSetExample2"/>
</testsuite> <!-- learningselenium.TreeSetExample2 -->
