<?xml version="1.0" encoding="UTF-8"?>
<!-- Generated by org.testng.reporters.JUnitReportReporter -->
<testsuite hostname="vishaljaiswal" name="learningselenium.TreeSetWithHetroelement" tests="1" failures="0" timestamp="9 Apr 2019 19:11:35 GMT" time="0.070" errors="0">
  <testcase name="self" time="0.070" classname="learningselenium.TreeSetWithHetroelement"/>
</testsuite> <!-- learningselenium.TreeSetWithHetroelement -->
