<?xml version="1.0" encoding="UTF-8"?>
<!-- Generated by org.testng.reporters.JUnitReportReporter -->
<testsuite hostname="vishaljaiswal" name="learningselenium.TestNG2" tests="1" failures="0" timestamp="13 Apr 2019 03:21:22 GMT" time="0.004" errors="0">
  <testcase name="test" time="0.004" classname="learningselenium.TestNG2"/>
</testsuite> <!-- learningselenium.TestNG2 -->
