<?xml version="1.0" encoding="UTF-8"?>
<!-- Generated by org.testng.reporters.JUnitReportReporter -->
<testsuite hostname="vishaljaiswal" name="learningselenium.LearningTestNG" tests="2" failures="0" timestamp="13 Apr 2019 03:21:22 GMT" time="0.030" errors="0">
  <testcase name="insideTest1" time="0.024" classname="learningselenium.LearningTestNG"/>
  <testcase name="insideTest2" time="0.006" classname="learningselenium.LearningTestNG"/>
</testsuite> <!-- learningselenium.LearningTestNG -->
